================================================================================
ADVANCED EEG CLASSIFICATION PIPELINE - TARGET: 80%+ ACCURACY
Sophisticated feature engineering + ensemble methods + honest CV
================================================================================
Found 45 sessions

Processing Subject 1, Session 1
    Running 5-fold advanced GroupKFold CV
    Fold 1: 160 train, 40 test
      Fitting advanced feature engineering...
        Fitting multi-band CSP...
Computing rank from data with rank=None
    Using tolerance 6.5 (2.2e-16 eps * 62 dim * 4.7e+14  max singular value)
    Estimated rank (data): 62
    data: rank 62 computed from 62 data channels with 0 projectors
          CSP failed for delta: Invalid reg (['lws']). Accepted values (individually or in a list) are any of '('auto', 'empirical', 'diagonal_fixed', 'ledoit_wolf', 'oas', 'shrunk', 'pca', 'factor_analysis', 'shrinkage')' or None.
Computing rank from data with rank=None
    Using tolerance 3.5 (2.2e-16 eps * 62 dim * 2.5e+14  max singular value)
    Estimated rank (data): 62
    data: rank 62 computed from 62 data channels with 0 projectors
          CSP failed for theta: Invalid reg (['lws']). Accepted values (individually or in a list) are any of '('auto', 'empirical', 'diagonal_fixed', 'ledoit_wolf', 'oas', 'shrunk', 'pca', 'factor_analysis', 'shrinkage')' or None.
Computing rank from data with rank=None
    Using tolerance 1.3 (2.2e-16 eps * 62 dim * 9.3e+13  max singular value)
    Estimated rank (data): 62
    data: rank 62 computed from 62 data channels with 0 projectors
          CSP failed for alpha: Invalid reg (['lws']). Accepted values (individually or in a list) are any of '('auto', 'empirical', 'diagonal_fixed', 'ledoit_wolf', 'oas', 'shrunk', 'pca', 'factor_analysis', 'shrinkage')' or None.
Computing rank from data with rank=None
    Using tolerance 0.13 (2.2e-16 eps * 62 dim * 9.5e+12  max singular value)
    Estimated rank (data): 62
    data: rank 62 computed from 62 data channels with 0 projectors
          CSP failed for beta: Invalid reg (['lws']). Accepted values (individually or in a list) are any of '('auto', 'empirical', 'diagonal_fixed', 'ledoit_wolf', 'oas', 'shrunk', 'pca', 'factor_analysis', 'shrinkage')' or None.
          CSP failed for gamma: Digital filter critical frequencies must be 0 < Wn < fs/2 (fs=66.66666666666667 -> fs/2=33.333333333333336)
    Fold 1: Advanced processing failed: Input X contains NaN.
PCA does not accept missing values encoded as NaN natively. For supervised learning, you might want to consider sklearn.ensemble.HistGradientBoostingClassifier and Regressor which accept missing values encoded as NaNs natively. Alternatively, it is possible to preprocess the data, for instance by using an imputer transformer in a pipeline or drop samples with missing values. See https://scikit-learn.org/stable/modules/impute.html You can find a list of all estimators that handle NaN values at the following page: https://scikit-learn.org/stable/modules/impute.html#estimators-that-handle-nan-values
    Fold 2: 160 train, 40 test
      Fitting advanced feature engineering...
        Fitting multi-band CSP...
Computing rank from data with rank=None
    Using tolerance 6.6 (2.2e-16 eps * 62 dim * 4.8e+14  max singular value)
    Estimated rank (data): 62
    data: rank 62 computed from 62 data channels with 0 projectors
          CSP failed for delta: Invalid reg (['lws']). Accepted values (individually or in a list) are any of '('auto', 'empirical', 'diagonal_fixed', 'ledoit_wolf', 'oas', 'shrunk', 'pca', 'factor_analysis', 'shrinkage')' or None.
Computing rank from data with rank=None
    Using tolerance 3.5 (2.2e-16 eps * 62 dim * 2.5e+14  max singular value)
    Estimated rank (data): 62
    data: rank 62 computed from 62 data channels with 0 projectors
          CSP failed for theta: Invalid reg (['lws']). Accepted values (individually or in a list) are any of '('auto', 'empirical', 'diagonal_fixed', 'ledoit_wolf', 'oas', 'shrunk', 'pca', 'factor_analysis', 'shrinkage')' or None.
Computing rank from data with rank=None
    Using tolerance 1.2 (2.2e-16 eps * 62 dim * 9e+13  max singular value)
    Estimated rank (data): 62
    data: rank 62 computed from 62 data channels with 0 projectors
          CSP failed for alpha: Invalid reg (['lws']). Accepted values (individually or in a list) are any of '('auto', 'empirical', 'diagonal_fixed', 'ledoit_wolf', 'oas', 'shrunk', 'pca', 'factor_analysis', 'shrinkage')' or None.
Computing rank from data with rank=None
    Using tolerance 0.13 (2.2e-16 eps * 62 dim * 9.5e+12  max singular value)
    Estimated rank (data): 62
    data: rank 62 computed from 62 data channels with 0 projectors
          CSP failed for beta: Invalid reg (['lws']). Accepted values (individually or in a list) are any of '('auto', 'empirical', 'diagonal_fixed', 'ledoit_wolf', 'oas', 'shrunk', 'pca', 'factor_analysis', 'shrinkage')' or None.
          CSP failed for gamma: Digital filter critical frequencies must be 0 < Wn < fs/2 (fs=66.66666666666667 -> fs/2=33.333333333333336)
    Fold 2: Advanced processing failed: Input X contains NaN.
PCA does not accept missing values encoded as NaN natively. For supervised learning, you might want to consider sklearn.ensemble.HistGradientBoostingClassifier and Regressor which accept missing values encoded as NaNs natively. Alternatively, it is possible to preprocess the data, for instance by using an imputer transformer in a pipeline or drop samples with missing values. See https://scikit-learn.org/stable/modules/impute.html You can find a list of all estimators that handle NaN values at the following page: https://scikit-learn.org/stable/modules/impute.html#estimators-that-handle-nan-values
    Fold 3: 160 train, 40 test
      Fitting advanced feature engineering...
        Fitting multi-band CSP...
Computing rank from data with rank=None
    Using tolerance 6.4 (2.2e-16 eps * 62 dim * 4.7e+14  max singular value)
    Estimated rank (data): 62
    data: rank 62 computed from 62 data channels with 0 projectors
          CSP failed for delta: Invalid reg (['lws']). Accepted values (individually or in a list) are any of '('auto', 'empirical', 'diagonal_fixed', 'ledoit_wolf', 'oas', 'shrunk', 'pca', 'factor_analysis', 'shrinkage')' or None.
Computing rank from data with rank=None
    Using tolerance 3.5 (2.2e-16 eps * 62 dim * 2.5e+14  max singular value)
    Estimated rank (data): 62
    data: rank 62 computed from 62 data channels with 0 projectors
          CSP failed for theta: Invalid reg (['lws']). Accepted values (individually or in a list) are any of '('auto', 'empirical', 'diagonal_fixed', 'ledoit_wolf', 'oas', 'shrunk', 'pca', 'factor_analysis', 'shrinkage')' or None.
Computing rank from data with rank=None
    Using tolerance 1.3 (2.2e-16 eps * 62 dim * 9.4e+13  max singular value)
    Estimated rank (data): 62
    data: rank 62 computed from 62 data channels with 0 projectors
          CSP failed for alpha: Invalid reg (['lws']). Accepted values (individually or in a list) are any of '('auto', 'empirical', 'diagonal_fixed', 'ledoit_wolf', 'oas', 'shrunk', 'pca', 'factor_analysis', 'shrinkage')' or None.
Computing rank from data with rank=None
    Using tolerance 0.13 (2.2e-16 eps * 62 dim * 9.6e+12  max singular value)
    Estimated rank (data): 62
    data: rank 62 computed from 62 data channels with 0 projectors
          CSP failed for beta: Invalid reg (['lws']). Accepted values (individually or in a list) are any of '('auto', 'empirical', 'diagonal_fixed', 'ledoit_wolf', 'oas', 'shrunk', 'pca', 'factor_analysis', 'shrinkage')' or None.
          CSP failed for gamma: Digital filter critical frequencies must be 0 < Wn < fs/2 (fs=66.66666666666667 -> fs/2=33.333333333333336)
    Fold 3: Advanced processing failed: Input X contains NaN.
PCA does not accept missing values encoded as NaN natively. For supervised learning, you might want to consider sklearn.ensemble.HistGradientBoostingClassifier and Regressor which accept missing values encoded as NaNs natively. Alternatively, it is possible to preprocess the data, for instance by using an imputer transformer in a pipeline or drop samples with missing values. See https://scikit-learn.org/stable/modules/impute.html You can find a list of all estimators that handle NaN values at the following page: https://scikit-learn.org/stable/modules/impute.html#estimators-that-handle-nan-values
    Fold 4: 160 train, 40 test
      Fitting advanced feature engineering...
        Fitting multi-band CSP...
Computing rank from data with rank=None
    Using tolerance 6.5 (2.2e-16 eps * 62 dim * 4.7e+14  max singular value)
    Estimated rank (data): 62
    data: rank 62 computed from 62 data channels with 0 projectors
          CSP failed for delta: Invalid reg (['lws']). Accepted values (individually or in a list) are any of '('auto', 'empirical', 'diagonal_fixed', 'ledoit_wolf', 'oas', 'shrunk', 'pca', 'factor_analysis', 'shrinkage')' or None.
Computing rank from data with rank=None
    Using tolerance 3.6 (2.2e-16 eps * 62 dim * 2.6e+14  max singular value)
    Estimated rank (data): 62
    data: rank 62 computed from 62 data channels with 0 projectors
          CSP failed for theta: Invalid reg (['lws']). Accepted values (individually or in a list) are any of '('auto', 'empirical', 'diagonal_fixed', 'ledoit_wolf', 'oas', 'shrunk', 'pca', 'factor_analysis', 'shrinkage')' or None.
Computing rank from data with rank=None
    Using tolerance 1.3 (2.2e-16 eps * 62 dim * 9.6e+13  max singular value)
    Estimated rank (data): 62
    data: rank 62 computed from 62 data channels with 0 projectors
          CSP failed for alpha: Invalid reg (['lws']). Accepted values (individually or in a list) are any of '('auto', 'empirical', 'diagonal_fixed', 'ledoit_wolf', 'oas', 'shrunk', 'pca', 'factor_analysis', 'shrinkage')' or None.
Computing rank from data with rank=None
    Using tolerance 0.13 (2.2e-16 eps * 62 dim * 9.5e+12  max singular value)
    Estimated rank (data): 62
    data: rank 62 computed from 62 data channels with 0 projectors
          CSP failed for beta: Invalid reg (['lws']). Accepted values (individually or in a list) are any of '('auto', 'empirical', 'diagonal_fixed', 'ledoit_wolf', 'oas', 'shrunk', 'pca', 'factor_analysis', 'shrinkage')' or None.
          CSP failed for gamma: Digital filter critical frequencies must be 0 < Wn < fs/2 (fs=66.66666666666667 -> fs/2=33.333333333333336)
    Fold 4: Advanced processing failed: Input X contains NaN.
PCA does not accept missing values encoded as NaN natively. For supervised learning, you might want to consider sklearn.ensemble.HistGradientBoostingClassifier and Regressor which accept missing values encoded as NaNs natively. Alternatively, it is possible to preprocess the data, for instance by using an imputer transformer in a pipeline or drop samples with missing values. See https://scikit-learn.org/stable/modules/impute.html You can find a list of all estimators that handle NaN values at the following page: https://scikit-learn.org/stable/modules/impute.html#estimators-that-handle-nan-values
    Fold 5: 160 train, 40 test
      Fitting advanced feature engineering...
        Fitting multi-band CSP...
Computing rank from data with rank=None
    Using tolerance 6.6 (2.2e-16 eps * 62 dim * 4.8e+14  max singular value)
    Estimated rank (data): 62
    data: rank 62 computed from 62 data channels with 0 projectors
          CSP failed for delta: Invalid reg (['lws']). Accepted values (individually or in a list) are any of '('auto', 'empirical', 'diagonal_fixed', 'ledoit_wolf', 'oas', 'shrunk', 'pca', 'factor_analysis', 'shrinkage')' or None.
Computing rank from data with rank=None
    Using tolerance 3.7 (2.2e-16 eps * 62 dim * 2.7e+14  max singular value)
    Estimated rank (data): 62
    data: rank 62 computed from 62 data channels with 0 projectors
          CSP failed for theta: Invalid reg (['lws']). Accepted values (individually or in a list) are any of '('auto', 'empirical', 'diagonal_fixed', 'ledoit_wolf', 'oas', 'shrunk', 'pca', 'factor_analysis', 'shrinkage')' or None.
Computing rank from data with rank=None
    Using tolerance 1.4 (2.2e-16 eps * 62 dim * 9.9e+13  max singular value)
    Estimated rank (data): 62
    data: rank 62 computed from 62 data channels with 0 projectors
          CSP failed for alpha: Invalid reg (['lws']). Accepted values (individually or in a list) are any of '('auto', 'empirical', 'diagonal_fixed', 'ledoit_wolf', 'oas', 'shrunk', 'pca', 'factor_analysis', 'shrinkage')' or None.
Computing rank from data with rank=None
    Using tolerance 0.13 (2.2e-16 eps * 62 dim * 9.7e+12  max singular value)
    Estimated rank (data): 62
    data: rank 62 computed from 62 data channels with 0 projectors
          CSP failed for beta: Invalid reg (['lws']). Accepted values (individually or in a list) are any of '('auto', 'empirical', 'diagonal_fixed', 'ledoit_wolf', 'oas', 'shrunk', 'pca', 'factor_analysis', 'shrinkage')' or None.
          CSP failed for gamma: Digital filter critical frequencies must be 0 < Wn < fs/2 (fs=66.66666666666667 -> fs/2=33.333333333333336)
    Fold 5: Advanced processing failed: Input X contains NaN.
PCA does not accept missing values encoded as NaN natively. For supervised learning, you might want to consider sklearn.ensemble.HistGradientBoostingClassifier and Regressor which accept missing values encoded as NaNs natively. Alternatively, it is possible to preprocess the data, for instance by using an imputer transformer in a pipeline or drop samples with missing values. See https://scikit-learn.org/stable/modules/impute.html You can find a list of all estimators that handle NaN values at the following page: https://scikit-learn.org/stable/modules/impute.html#estimators-that-handle-nan-values

Processing Subject 1, Session 2
    Running 5-fold advanced GroupKFold CV
    Fold 1: 160 train, 40 test
      Fitting advanced feature engineering...
        Fitting multi-band CSP...
Computing rank from data with rank=None
    Using tolerance 5.6 (2.2e-16 eps * 62 dim * 4.1e+14  max singular value)
    Estimated rank (data): 62
    data: rank 62 computed from 62 data channels with 0 projectors
          CSP failed for delta: Invalid reg (['lws']). Accepted values (individually or in a list) are any of '('auto', 'empirical', 'diagonal_fixed', 'ledoit_wolf', 'oas', 'shrunk', 'pca', 'factor_analysis', 'shrinkage')' or None.
Computing rank from data with rank=None
    Using tolerance 2.5 (2.2e-16 eps * 62 dim * 1.8e+14  max singular value)
    Estimated rank (data): 62
    data: rank 62 computed from 62 data channels with 0 projectors
          CSP failed for theta: Invalid reg (['lws']). Accepted values (individually or in a list) are any of '('auto', 'empirical', 'diagonal_fixed', 'ledoit_wolf', 'oas', 'shrunk', 'pca', 'factor_analysis', 'shrinkage')' or None.
Computing rank from data with rank=None
    Using tolerance 0.87 (2.2e-16 eps * 62 dim * 6.3e+13  max singular value)
    Estimated rank (data): 62
    data: rank 62 computed from 62 data channels with 0 projectors
          CSP failed for alpha: Invalid reg (['lws']). Accepted values (individually or in a list) are any of '('auto', 'empirical', 'diagonal_fixed', 'ledoit_wolf', 'oas', 'shrunk', 'pca', 'factor_analysis', 'shrinkage')' or None.
Computing rank from data with rank=None
    Using tolerance 0.064 (2.2e-16 eps * 62 dim * 4.6e+12  max singular value)
    Estimated rank (data): 62
    data: rank 62 computed from 62 data channels with 0 projectors
